$ storybook build --output-dir /var/folders/vx/tm7rppjj2kb5np7v9gp386jm0000gn/T/chromatic--18758-Pt4HZV8xQnQz
storybook v8.2.2

info => Cleaning outputDir: ../../../../var/folders/vx/tm7rppjj2kb5np7v9gp386jm0000gn/T/chromatic--18758-Pt4HZV8xQnQz
info => Loading presets
info => Building manager..
info => Manager built (235 ms)
info => Building preview..
info => Using implicit CSS loaders
info => Copying static files: public at ../../../../var/folders/vx/tm7rppjj2kb5np7v9gp386jm0000gn/T/chromatic--18758-Pt4HZV8xQnQz
info => Using SWC as compiler
info => Using default Webpack5 setup
WARN asset size limit: The following asset(s) exceed the recommended size limit (244 KiB).
WARN This can impact web performance.
WARN Assets: 
WARN   353.ffdbf4e1.iframe.bundle.js (1.25 MiB)
WARN entrypoint size limit: The following entrypoint(s) combined asset size exceeds the recommended limit (244 KiB). This can impact web performance.
WARN Entrypoints:
WARN   main (1.25 MiB)
WARN       runtime~main.04be40e5.iframe.bundle.js
WARN       353.ffdbf4e1.iframe.bundle.js
WARN       main.07c5b57c.iframe.bundle.js
WARN 
info => Preview built (3.96 s)
info => Output directory: /var/folders/vx/tm7rppjj2kb5np7v9gp386jm0000gn/T/chromatic--18758-Pt4HZV8xQnQz
